<?xml version="1.0" encoding="UTF-8"?>
<testsuite name="com.afterdrawing.backendapi.junit.ProjectImplServiceTest" tests="4" skipped="0" failures="0" errors="0" timestamp="2022-06-25T15:39:58" hostname="LAPTOP-DOBINIPV" time="0.502">
  <properties/>
  <testcase name="Get  Projects by UserId  and Returns a empty list" classname="com.afterdrawing.backendapi.junit.ProjectImplServiceTest" time="0.447"/>
  <testcase name="Get all projects" classname="com.afterdrawing.backendapi.junit.ProjectImplServiceTest" time="0.014"/>
  <testcase name="Get All Projects by UserId" classname="com.afterdrawing.backendapi.junit.ProjectImplServiceTest" time="0.014"/>
  <testcase name="Get  Project by UserId And ProjectId" classname="com.afterdrawing.backendapi.junit.ProjectImplServiceTest" time="0.021"/>
  <system-out><![CDATA[10:39:30.271 [Test worker] DEBUG org.springframework.test.context.BootstrapUtils - Instantiating CacheAwareContextLoaderDelegate from class [org.springframework.test.context.cache.DefaultCacheAwareContextLoaderDelegate]
10:39:30.300 [Test worker] DEBUG org.springframework.test.context.BootstrapUtils - Instantiating BootstrapContext using constructor [public org.springframework.test.context.support.DefaultBootstrapContext(java.lang.Class,org.springframework.test.context.CacheAwareContextLoaderDelegate)]
10:39:30.380 [Test worker] DEBUG org.springframework.test.context.BootstrapUtils - Instantiating TestContextBootstrapper for test class [com.afterdrawing.backendapi.junit.ProjectImplServiceTest] from class [org.springframework.boot.test.context.SpringBootTestContextBootstrapper]
10:39:30.406 [Test worker] INFO org.springframework.boot.test.context.SpringBootTestContextBootstrapper - Neither @ContextConfiguration nor @ContextHierarchy found for test class [com.afterdrawing.backendapi.junit.ProjectImplServiceTest], using SpringBootContextLoader
10:39:30.414 [Test worker] DEBUG org.springframework.test.context.support.AbstractContextLoader - Did not detect default resource location for test class [com.afterdrawing.backendapi.junit.ProjectImplServiceTest]: class path resource [com/afterdrawing/backendapi/junit/ProjectImplServiceTest-context.xml] does not exist
10:39:30.415 [Test worker] DEBUG org.springframework.test.context.support.AbstractContextLoader - Did not detect default resource location for test class [com.afterdrawing.backendapi.junit.ProjectImplServiceTest]: class path resource [com/afterdrawing/backendapi/junit/ProjectImplServiceTestContext.groovy] does not exist
10:39:30.416 [Test worker] INFO org.springframework.test.context.support.AbstractContextLoader - Could not detect default resource locations for test class [com.afterdrawing.backendapi.junit.ProjectImplServiceTest]: no resource found for suffixes {-context.xml, Context.groovy}.
10:39:30.544 [Test worker] DEBUG org.springframework.test.context.support.ActiveProfilesUtils - Could not find an 'annotation declaring class' for annotation type [org.springframework.test.context.ActiveProfiles] and class [com.afterdrawing.backendapi.junit.ProjectImplServiceTest]
10:39:30.672 [Test worker] DEBUG org.springframework.context.annotation.ClassPathScanningCandidateComponentProvider - Identified candidate component class: file [C:\Users\Diego Alonso\Desktop\2020-2\Repositorios\afterdrawing2.0\build\classes\java\main\com\afterdrawing\backendapi\BackendApiApplication.class]
10:39:30.675 [Test worker] INFO org.springframework.boot.test.context.SpringBootTestContextBootstrapper - Found @SpringBootConfiguration com.afterdrawing.backendapi.BackendApiApplication for test class com.afterdrawing.backendapi.junit.ProjectImplServiceTest
10:39:30.870 [Test worker] DEBUG org.springframework.boot.test.context.SpringBootTestContextBootstrapper - @TestExecutionListeners is not present for class [com.afterdrawing.backendapi.junit.ProjectImplServiceTest]: using defaults.
10:39:30.871 [Test worker] INFO org.springframework.boot.test.context.SpringBootTestContextBootstrapper - Loaded default TestExecutionListener class names from location [META-INF/spring.factories]: [org.springframework.boot.test.autoconfigure.restdocs.RestDocsTestExecutionListener, org.springframework.boot.test.autoconfigure.web.client.MockRestServiceServerResetTestExecutionListener, org.springframework.boot.test.autoconfigure.web.servlet.MockMvcPrintOnlyOnFailureTestExecutionListener, org.springframework.boot.test.autoconfigure.web.servlet.WebDriverTestExecutionListener, org.springframework.boot.test.autoconfigure.webservices.client.MockWebServiceServerTestExecutionListener, org.springframework.boot.test.mock.mockito.MockitoTestExecutionListener, org.springframework.boot.test.mock.mockito.ResetMocksTestExecutionListener, org.springframework.test.context.web.ServletTestExecutionListener, org.springframework.test.context.support.DirtiesContextBeforeModesTestExecutionListener, org.springframework.test.context.event.ApplicationEventsTestExecutionListener, org.springframework.test.context.support.DependencyInjectionTestExecutionListener, org.springframework.test.context.support.DirtiesContextTestExecutionListener, org.springframework.test.context.transaction.TransactionalTestExecutionListener, org.springframework.test.context.jdbc.SqlScriptsTestExecutionListener, org.springframework.test.context.event.EventPublishingTestExecutionListener]
10:39:30.901 [Test worker] INFO org.springframework.boot.test.context.SpringBootTestContextBootstrapper - Using TestExecutionListeners: [org.springframework.test.context.web.ServletTestExecutionListener@538cd0f2, org.springframework.test.context.support.DirtiesContextBeforeModesTestExecutionListener@238ad8c, org.springframework.test.context.event.ApplicationEventsTestExecutionListener@430fa4ef, org.springframework.boot.test.mock.mockito.MockitoTestExecutionListener@1761de10, org.springframework.boot.test.autoconfigure.SpringBootDependencyInjectionTestExecutionListener@22df874e, org.springframework.test.context.support.DirtiesContextTestExecutionListener@654c1a54, org.springframework.test.context.transaction.TransactionalTestExecutionListener@5bdaf2ce, org.springframework.test.context.jdbc.SqlScriptsTestExecutionListener@42d236fb, org.springframework.test.context.event.EventPublishingTestExecutionListener@1ce93c18, org.springframework.boot.test.autoconfigure.restdocs.RestDocsTestExecutionListener@19f21b6b, org.springframework.boot.test.autoconfigure.web.client.MockRestServiceServerResetTestExecutionListener@1532c619, org.springframework.boot.test.autoconfigure.web.servlet.MockMvcPrintOnlyOnFailureTestExecutionListener@46044faa, org.springframework.boot.test.autoconfigure.web.servlet.WebDriverTestExecutionListener@1358b28e, org.springframework.boot.test.autoconfigure.webservices.client.MockWebServiceServerTestExecutionListener@1a78dacd, org.springframework.boot.test.mock.mockito.ResetMocksTestExecutionListener@19f9d595]
10:39:30.908 [Test worker] DEBUG org.springframework.test.context.support.AbstractDirtiesContextTestExecutionListener - Before test class: context [DefaultTestContext@78f9ed3e testClass = ProjectImplServiceTest, testInstance = [null], testMethod = [null], testException = [null], mergedContextConfiguration = [WebMergedContextConfiguration@1059754c testClass = ProjectImplServiceTest, locations = '{}', classes = '{class com.afterdrawing.backendapi.BackendApiApplication, class com.afterdrawing.backendapi.junit.ProjectImplServiceTest$InterfaceServiceImpTestConfiguration}', contextInitializerClasses = '[]', activeProfiles = '{}', propertySourceLocations = '{}', propertySourceProperties = '{org.springframework.boot.test.context.SpringBootTestContextBootstrapper=true}', contextCustomizers = set[org.springframework.boot.test.autoconfigure.actuate.metrics.MetricsExportContextCustomizerFactory$DisableMetricExportContextCustomizer@18a3962d, org.springframework.boot.test.autoconfigure.properties.PropertyMappingContextCustomizer@0, org.springframework.boot.test.autoconfigure.web.servlet.WebDriverContextCustomizerFactory$Customizer@4602c2a9, org.springframework.boot.test.context.filter.ExcludeFilterContextCustomizer@1849db1a, org.springframework.boot.test.json.DuplicateJsonObjectContextCustomizerFactory$DuplicateJsonObjectContextCustomizer@5fcacc0, org.springframework.boot.test.mock.mockito.MockitoContextCustomizer@685d01ea, org.springframework.boot.test.web.client.TestRestTemplateContextCustomizer@10c8f62, org.springframework.boot.test.context.SpringBootTestArgs@1, org.springframework.boot.test.context.SpringBootTestWebEnvironment@327af41b], resourceBasePath = 'src/main/webapp', contextLoader = 'org.springframework.boot.test.context.SpringBootContextLoader', parent = [null]], attributes = map['org.springframework.test.context.web.ServletTestExecutionListener.activateListener' -> true]], class annotated with @DirtiesContext [false] with mode [null].

  .   ____          _            __ _ _
 /\\ / ___'_ __ _ _(_)_ __  __ _ \ \ \ \
( ( )\___ | '_ | '_| | '_ \/ _` | \ \ \ \
 \\/  ___)| |_)| | | | | || (_| |  ) ) ) )
  '  |____| .__|_| |_|_| |_\__, | / / / /
 =========|_|==============|___/=/_/_/_/
 :: Spring Boot ::                (v2.6.5)

2022-06-25 10:39:31.670  INFO 7576 --- [    Test worker] c.a.b.junit.ProjectImplServiceTest       : Starting ProjectImplServiceTest using Java 11.0.15 on LAPTOP-DOBINIPV with PID 7576 (started by Diego Alonso in C:\Users\Diego Alonso\Desktop\2020-2\Repositorios\afterdrawing2.0)
2022-06-25 10:39:31.674  INFO 7576 --- [    Test worker] c.a.b.junit.ProjectImplServiceTest       : No active profile set, falling back to 1 default profile: "default"
2022-06-25 10:39:34.028  INFO 7576 --- [    Test worker] .s.d.r.c.RepositoryConfigurationDelegate : Bootstrapping Spring Data JPA repositories in DEFAULT mode.
2022-06-25 10:39:34.203  INFO 7576 --- [    Test worker] .s.d.r.c.RepositoryConfigurationDelegate : Finished Spring Data repository scanning in 147 ms. Found 6 JPA repository interfaces.
2022-06-25 10:39:37.018  INFO 7576 --- [    Test worker] o.hibernate.jpa.internal.util.LogHelper  : HHH000204: Processing PersistenceUnitInfo [name: default]
2022-06-25 10:39:37.140  INFO 7576 --- [    Test worker] org.hibernate.Version                    : HHH000412: Hibernate ORM core version 5.6.7.Final
2022-06-25 10:39:37.226  INFO 7576 --- [    Test worker] o.hibernate.annotations.common.Version   : HCANN000001: Hibernate Commons Annotations {5.1.2.Final}
2022-06-25 10:39:37.305 DEBUG 7576 --- [    Test worker] org.hibernate.type.BasicTypeRegistry     : Adding type registration boolean -> org.hibernate.type.BooleanType@4449b273
2022-06-25 10:39:37.305 DEBUG 7576 --- [    Test worker] org.hibernate.type.BasicTypeRegistry     : Adding type registration boolean -> org.hibernate.type.BooleanType@4449b273
2022-06-25 10:39:37.305 DEBUG 7576 --- [    Test worker] org.hibernate.type.BasicTypeRegistry     : Adding type registration java.lang.Boolean -> org.hibernate.type.BooleanType@4449b273
2022-06-25 10:39:37.307 DEBUG 7576 --- [    Test worker] org.hibernate.type.BasicTypeRegistry     : Adding type registration numeric_boolean -> org.hibernate.type.NumericBooleanType@117fb9ba
2022-06-25 10:39:37.308 DEBUG 7576 --- [    Test worker] org.hibernate.type.BasicTypeRegistry     : Adding type registration true_false -> org.hibernate.type.TrueFalseType@573870cb
2022-06-25 10:39:37.309 DEBUG 7576 --- [    Test worker] org.hibernate.type.BasicTypeRegistry     : Adding type registration yes_no -> org.hibernate.type.YesNoType@3d98729a
2022-06-25 10:39:37.311 DEBUG 7576 --- [    Test worker] org.hibernate.type.BasicTypeRegistry     : Adding type registration byte -> org.hibernate.type.ByteType@3573e19d
2022-06-25 10:39:37.312 DEBUG 7576 --- [    Test worker] org.hibernate.type.BasicTypeRegistry     : Adding type registration byte -> org.hibernate.type.ByteType@3573e19d
2022-06-25 10:39:37.313 DEBUG 7576 --- [    Test worker] org.hibernate.type.BasicTypeRegistry     : Adding type registration java.lang.Byte -> org.hibernate.type.ByteType@3573e19d
2022-06-25 10:39:37.315 DEBUG 7576 --- [    Test worker] org.hibernate.type.BasicTypeRegistry     : Adding type registration character -> org.hibernate.type.CharacterType@27b490de
2022-06-25 10:39:37.316 DEBUG 7576 --- [    Test worker] org.hibernate.type.BasicTypeRegistry     : Adding type registration char -> org.hibernate.type.CharacterType@27b490de
2022-06-25 10:39:37.316 DEBUG 7576 --- [    Test worker] org.hibernate.type.BasicTypeRegistry     : Adding type registration java.lang.Character -> org.hibernate.type.CharacterType@27b490de
2022-06-25 10:39:37.320 DEBUG 7576 --- [    Test worker] org.hibernate.type.BasicTypeRegistry     : Adding type registration short -> org.hibernate.type.ShortType@37364634
2022-06-25 10:39:37.320 DEBUG 7576 --- [    Test worker] org.hibernate.type.BasicTypeRegistry     : Adding type registration short -> org.hibernate.type.ShortType@37364634
2022-06-25 10:39:37.321 DEBUG 7576 --- [    Test worker] org.hibernate.type.BasicTypeRegistry     : Adding type registration java.lang.Short -> org.hibernate.type.ShortType@37364634
2022-06-25 10:39:37.331 DEBUG 7576 --- [    Test worker] org.hibernate.type.BasicTypeRegistry     : Adding type registration integer -> org.hibernate.type.IntegerType@2c154508
2022-06-25 10:39:37.332 DEBUG 7576 --- [    Test worker] org.hibernate.type.BasicTypeRegistry     : Adding type registration int -> org.hibernate.type.IntegerType@2c154508
2022-06-25 10:39:37.333 DEBUG 7576 --- [    Test worker] org.hibernate.type.BasicTypeRegistry     : Adding type registration java.lang.Integer -> org.hibernate.type.IntegerType@2c154508
2022-06-25 10:39:37.336 DEBUG 7576 --- [    Test worker] org.hibernate.type.BasicTypeRegistry     : Adding type registration long -> org.hibernate.type.LongType@34bddf43
2022-06-25 10:39:37.337 DEBUG 7576 --- [    Test worker] org.hibernate.type.BasicTypeRegistry     : Adding type registration long -> org.hibernate.type.LongType@34bddf43
2022-06-25 10:39:37.340 DEBUG 7576 --- [    Test worker] org.hibernate.type.BasicTypeRegistry     : Adding type registration java.lang.Long -> org.hibernate.type.LongType@34bddf43
2022-06-25 10:39:37.341 DEBUG 7576 --- [    Test worker] org.hibernate.type.BasicTypeRegistry     : Adding type registration float -> org.hibernate.type.FloatType@2cff5aa3
2022-06-25 10:39:37.341 DEBUG 7576 --- [    Test worker] org.hibernate.type.BasicTypeRegistry     : Adding type registration float -> org.hibernate.type.FloatType@2cff5aa3
2022-06-25 10:39:37.341 DEBUG 7576 --- [    Test worker] org.hibernate.type.BasicTypeRegistry     : Adding type registration java.lang.Float -> org.hibernate.type.FloatType@2cff5aa3
2022-06-25 10:39:37.346 DEBUG 7576 --- [    Test worker] org.hibernate.type.BasicTypeRegistry     : Adding type registration double -> org.hibernate.type.DoubleType@12e2f5ab
2022-06-25 10:39:37.346 DEBUG 7576 --- [    Test worker] org.hibernate.type.BasicTypeRegistry     : Adding type registration double -> org.hibernate.type.DoubleType@12e2f5ab
2022-06-25 10:39:37.346 DEBUG 7576 --- [    Test worker] org.hibernate.type.BasicTypeRegistry     : Adding type registration java.lang.Double -> org.hibernate.type.DoubleType@12e2f5ab
2022-06-25 10:39:37.348 DEBUG 7576 --- [    Test worker] org.hibernate.type.BasicTypeRegistry     : Adding type registration big_decimal -> org.hibernate.type.BigDecimalType@27fc0217
2022-06-25 10:39:37.348 DEBUG 7576 --- [    Test worker] org.hibernate.type.BasicTypeRegistry     : Adding type registration java.math.BigDecimal -> org.hibernate.type.BigDecimalType@27fc0217
2022-06-25 10:39:37.354 DEBUG 7576 --- [    Test worker] org.hibernate.type.BasicTypeRegistry     : Adding type registration big_integer -> org.hibernate.type.BigIntegerType@4cc89246
2022-06-25 10:39:37.354 DEBUG 7576 --- [    Test worker] org.hibernate.type.BasicTypeRegistry     : Adding type registration java.math.BigInteger -> org.hibernate.type.BigIntegerType@4cc89246
2022-06-25 10:39:37.357 DEBUG 7576 --- [    Test worker] org.hibernate.type.BasicTypeRegistry     : Adding type registration string -> org.hibernate.type.StringType@f42336c
2022-06-25 10:39:37.357 DEBUG 7576 --- [    Test worker] org.hibernate.type.BasicTypeRegistry     : Adding type registration java.lang.String -> org.hibernate.type.StringType@f42336c
2022-06-25 10:39:37.358 DEBUG 7576 --- [    Test worker] org.hibernate.type.BasicTypeRegistry     : Adding type registration nstring -> org.hibernate.type.StringNVarcharType@40013051
2022-06-25 10:39:37.359 DEBUG 7576 --- [    Test worker] org.hibernate.type.BasicTypeRegistry     : Adding type registration ncharacter -> org.hibernate.type.CharacterNCharType@43294e9b
2022-06-25 10:39:37.362 DEBUG 7576 --- [    Test worker] org.hibernate.type.BasicTypeRegistry     : Adding type registration url -> org.hibernate.type.UrlType@79c1ccf7
2022-06-25 10:39:37.362 DEBUG 7576 --- [    Test worker] org.hibernate.type.BasicTypeRegistry     : Adding type registration java.net.URL -> org.hibernate.type.UrlType@79c1ccf7
2022-06-25 10:39:37.364 DEBUG 7576 --- [    Test worker] org.hibernate.type.BasicTypeRegistry     : Adding type registration Duration -> org.hibernate.type.DurationType@32e7b78d
2022-06-25 10:39:37.364 DEBUG 7576 --- [    Test worker] org.hibernate.type.BasicTypeRegistry     : Adding type registration java.time.Duration -> org.hibernate.type.DurationType@32e7b78d
2022-06-25 10:39:37.366 DEBUG 7576 --- [    Test worker] org.hibernate.type.BasicTypeRegistry     : Adding type registration Instant -> org.hibernate.type.InstantType@294ebe11
2022-06-25 10:39:37.367 DEBUG 7576 --- [    Test worker] org.hibernate.type.BasicTypeRegistry     : Adding type registration java.time.Instant -> org.hibernate.type.InstantType@294ebe11
2022-06-25 10:39:37.369 DEBUG 7576 --- [    Test worker] org.hibernate.type.BasicTypeRegistry     : Adding type registration LocalDateTime -> org.hibernate.type.LocalDateTimeType@6b64429e
2022-06-25 10:39:37.369 DEBUG 7576 --- [    Test worker] org.hibernate.type.BasicTypeRegistry     : Adding type registration java.time.LocalDateTime -> org.hibernate.type.LocalDateTimeType@6b64429e
2022-06-25 10:39:37.371 DEBUG 7576 --- [    Test worker] org.hibernate.type.BasicTypeRegistry     : Adding type registration LocalDate -> org.hibernate.type.LocalDateType@6fdc2db6
2022-06-25 10:39:37.371 DEBUG 7576 --- [    Test worker] org.hibernate.type.BasicTypeRegistry     : Adding type registration java.time.LocalDate -> org.hibernate.type.LocalDateType@6fdc2db6
2022-06-25 10:39:37.373 DEBUG 7576 --- [    Test worker] org.hibernate.type.BasicTypeRegistry     : Adding type registration LocalTime -> org.hibernate.type.LocalTimeType@178dc733
2022-06-25 10:39:37.373 DEBUG 7576 --- [    Test worker] org.hibernate.type.BasicTypeRegistry     : Adding type registration java.time.LocalTime -> org.hibernate.type.LocalTimeType@178dc733
2022-06-25 10:39:37.376 DEBUG 7576 --- [    Test worker] org.hibernate.type.BasicTypeRegistry     : Adding type registration OffsetDateTime -> org.hibernate.type.OffsetDateTimeType@1e7cfd49
2022-06-25 10:39:37.376 DEBUG 7576 --- [    Test worker] org.hibernate.type.BasicTypeRegistry     : Adding type registration java.time.OffsetDateTime -> org.hibernate.type.OffsetDateTimeType@1e7cfd49
2022-06-25 10:39:37.379 DEBUG 7576 --- [    Test worker] org.hibernate.type.BasicTypeRegistry     : Adding type registration OffsetTime -> org.hibernate.type.OffsetTimeType@41a8f0d8
2022-06-25 10:39:37.379 DEBUG 7576 --- [    Test worker] org.hibernate.type.BasicTypeRegistry     : Adding type registration java.time.OffsetTime -> org.hibernate.type.OffsetTimeType@41a8f0d8
2022-06-25 10:39:37.382 DEBUG 7576 --- [    Test worker] org.hibernate.type.BasicTypeRegistry     : Adding type registration ZonedDateTime -> org.hibernate.type.ZonedDateTimeType@5f5a33ed
2022-06-25 10:39:37.383 DEBUG 7576 --- [    Test worker] org.hibernate.type.BasicTypeRegistry     : Adding type registration java.time.ZonedDateTime -> org.hibernate.type.ZonedDateTimeType@5f5a33ed
2022-06-25 10:39:37.387 DEBUG 7576 --- [    Test worker] org.hibernate.type.BasicTypeRegistry     : Adding type registration date -> org.hibernate.type.DateType@d978ab9
2022-06-25 10:39:37.387 DEBUG 7576 --- [    Test worker] org.hibernate.type.BasicTypeRegistry     : Adding type registration java.sql.Date -> org.hibernate.type.DateType@d978ab9
2022-06-25 10:39:37.391 DEBUG 7576 --- [    Test worker] org.hibernate.type.BasicTypeRegistry     : Adding type registration time -> org.hibernate.type.TimeType@252d8df6
2022-06-25 10:39:37.391 DEBUG 7576 --- [    Test worker] org.hibernate.type.BasicTypeRegistry     : Adding type registration java.sql.Time -> org.hibernate.type.TimeType@252d8df6
2022-06-25 10:39:37.393 DEBUG 7576 --- [    Test worker] org.hibernate.type.BasicTypeRegistry     : Adding type registration timestamp -> org.hibernate.type.TimestampType@30ef32eb
2022-06-25 10:39:37.396 DEBUG 7576 --- [    Test worker] org.hibernate.type.BasicTypeRegistry     : Adding type registration java.sql.Timestamp -> org.hibernate.type.TimestampType@30ef32eb
2022-06-25 10:39:37.397 DEBUG 7576 --- [    Test worker] org.hibernate.type.BasicTypeRegistry     : Adding type registration java.util.Date -> org.hibernate.type.TimestampType@30ef32eb
2022-06-25 10:39:37.402 DEBUG 7576 --- [    Test worker] org.hibernate.type.BasicTypeRegistry     : Adding type registration dbtimestamp -> org.hibernate.type.DbTimestampType@702cfbde
2022-06-25 10:39:37.404 DEBUG 7576 --- [    Test worker] org.hibernate.type.BasicTypeRegistry     : Adding type registration calendar -> org.hibernate.type.CalendarType@112530c3
2022-06-25 10:39:37.406 DEBUG 7576 --- [    Test worker] org.hibernate.type.BasicTypeRegistry     : Adding type registration java.util.Calendar -> org.hibernate.type.CalendarType@112530c3
2022-06-25 10:39:37.407 DEBUG 7576 --- [    Test worker] org.hibernate.type.BasicTypeRegistry     : Adding type registration java.util.GregorianCalendar -> org.hibernate.type.CalendarType@112530c3
2022-06-25 10:39:37.409 DEBUG 7576 --- [    Test worker] org.hibernate.type.BasicTypeRegistry     : Adding type registration calendar_date -> org.hibernate.type.CalendarDateType@1f3361e9
2022-06-25 10:39:37.411 DEBUG 7576 --- [    Test worker] org.hibernate.type.BasicTypeRegistry     : Adding type registration calendar_time -> org.hibernate.type.CalendarTimeType@484302ee
2022-06-25 10:39:37.413 DEBUG 7576 --- [    Test worker] org.hibernate.type.BasicTypeRegistry     : Adding type registration locale -> org.hibernate.type.LocaleType@20a946d9
2022-06-25 10:39:37.413 DEBUG 7576 --- [    Test worker] org.hibernate.type.BasicTypeRegistry     : Adding type registration java.util.Locale -> org.hibernate.type.LocaleType@20a946d9
2022-06-25 10:39:37.415 DEBUG 7576 --- [    Test worker] org.hibernate.type.BasicTypeRegistry     : Adding type registration currency -> org.hibernate.type.CurrencyType@28b2e4d8
2022-06-25 10:39:37.416 DEBUG 7576 --- [    Test worker] org.hibernate.type.BasicTypeRegistry     : Adding type registration java.util.Currency -> org.hibernate.type.CurrencyType@28b2e4d8
2022-06-25 10:39:37.419 DEBUG 7576 --- [    Test worker] org.hibernate.type.BasicTypeRegistry     : Adding type registration timezone -> org.hibernate.type.TimeZoneType@18b3db6e
2022-06-25 10:39:37.419 DEBUG 7576 --- [    Test worker] org.hibernate.type.BasicTypeRegistry     : Adding type registration java.util.TimeZone -> org.hibernate.type.TimeZoneType@18b3db6e
2022-06-25 10:39:37.426 DEBUG 7576 --- [    Test worker] org.hibernate.type.BasicTypeRegistry     : Adding type registration class -> org.hibernate.type.ClassType@6c9151c1
2022-06-25 10:39:37.426 DEBUG 7576 --- [    Test worker] org.hibernate.type.BasicTypeRegistry     : Adding type registration java.lang.Class -> org.hibernate.type.ClassType@6c9151c1
2022-06-25 10:39:37.428 DEBUG 7576 --- [    Test worker] org.hibernate.type.BasicTypeRegistry     : Adding type registration uuid-binary -> org.hibernate.type.UUIDBinaryType@5f67181f
2022-06-25 10:39:37.429 DEBUG 7576 --- [    Test worker] org.hibernate.type.BasicTypeRegistry     : Adding type registration java.util.UUID -> org.hibernate.type.UUIDBinaryType@5f67181f
2022-06-25 10:39:37.430 DEBUG 7576 --- [    Test worker] org.hibernate.type.BasicTypeRegistry     : Adding type registration uuid-char -> org.hibernate.type.UUIDCharType@450d10cb
2022-06-25 10:39:37.433 DEBUG 7576 --- [    Test worker] org.hibernate.type.BasicTypeRegistry     : Adding type registration binary -> org.hibernate.type.BinaryType@1dd443c1
2022-06-25 10:39:37.433 DEBUG 7576 --- [    Test worker] org.hibernate.type.BasicTypeRegistry     : Adding type registration byte[] -> org.hibernate.type.BinaryType@1dd443c1
2022-06-25 10:39:37.433 DEBUG 7576 --- [    Test worker] org.hibernate.type.BasicTypeRegistry     : Adding type registration [B -> org.hibernate.type.BinaryType@1dd443c1
2022-06-25 10:39:37.442 DEBUG 7576 --- [    Test worker] org.hibernate.type.BasicTypeRegistry     : Adding type registration wrapper-binary -> org.hibernate.type.WrapperBinaryType@5d9d8e46
2022-06-25 10:39:37.448 DEBUG 7576 --- [    Test worker] org.hibernate.type.BasicTypeRegistry     : Adding type registration Byte[] -> org.hibernate.type.WrapperBinaryType@5d9d8e46
2022-06-25 10:39:37.449 DEBUG 7576 --- [    Test worker] org.hibernate.type.BasicTypeRegistry     : Adding type registration [Ljava.lang.Byte; -> org.hibernate.type.WrapperBinaryType@5d9d8e46
2022-06-25 10:39:37.452 DEBUG 7576 --- [    Test worker] org.hibernate.type.BasicTypeRegistry     : Adding type registration row_version -> org.hibernate.type.RowVersionType@13aa54f1
2022-06-25 10:39:37.457 DEBUG 7576 --- [    Test worker] org.hibernate.type.BasicTypeRegistry     : Adding type registration image -> org.hibernate.type.ImageType@6408be5
2022-06-25 10:39:37.463 DEBUG 7576 --- [    Test worker] org.hibernate.type.BasicTypeRegistry     : Adding type registration characters -> org.hibernate.type.CharArrayType@12421766
2022-06-25 10:39:37.464 DEBUG 7576 --- [    Test worker] org.hibernate.type.BasicTypeRegistry     : Adding type registration char[] -> org.hibernate.type.CharArrayType@12421766
2022-06-25 10:39:37.465 DEBUG 7576 --- [    Test worker] org.hibernate.type.BasicTypeRegistry     : Adding type registration [C -> org.hibernate.type.CharArrayType@12421766
2022-06-25 10:39:37.468 DEBUG 7576 --- [    Test worker] org.hibernate.type.BasicTypeRegistry     : Adding type registration wrapper-characters -> org.hibernate.type.CharacterArrayType@6eb00cbe
2022-06-25 10:39:37.469 DEBUG 7576 --- [    Test worker] org.hibernate.type.BasicTypeRegistry     : Adding type registration [Ljava.lang.Character; -> org.hibernate.type.CharacterArrayType@6eb00cbe
2022-06-25 10:39:37.470 DEBUG 7576 --- [    Test worker] org.hibernate.type.BasicTypeRegistry     : Adding type registration Character[] -> org.hibernate.type.CharacterArrayType@6eb00cbe
2022-06-25 10:39:37.472 DEBUG 7576 --- [    Test worker] org.hibernate.type.BasicTypeRegistry     : Adding type registration text -> org.hibernate.type.TextType@c30f26d
2022-06-25 10:39:37.475 DEBUG 7576 --- [    Test worker] org.hibernate.type.BasicTypeRegistry     : Adding type registration ntext -> org.hibernate.type.NTextType@1dbc607d
2022-06-25 10:39:37.481 DEBUG 7576 --- [    Test worker] org.hibernate.type.BasicTypeRegistry     : Adding type registration blob -> org.hibernate.type.BlobType@2fafa7b5
2022-06-25 10:39:37.484 DEBUG 7576 --- [    Test worker] org.hibernate.type.BasicTypeRegistry     : Adding type registration java.sql.Blob -> org.hibernate.type.BlobType@2fafa7b5
2022-06-25 10:39:37.488 DEBUG 7576 --- [    Test worker] org.hibernate.type.BasicTypeRegistry     : Adding type registration materialized_blob -> org.hibernate.type.MaterializedBlobType@3815a7d1
2022-06-25 10:39:37.494 DEBUG 7576 --- [    Test worker] org.hibernate.type.BasicTypeRegistry     : Adding type registration clob -> org.hibernate.type.ClobType@6487f7f8
2022-06-25 10:39:37.498 DEBUG 7576 --- [    Test worker] org.hibernate.type.BasicTypeRegistry     : Adding type registration java.sql.Clob -> org.hibernate.type.ClobType@6487f7f8
2022-06-25 10:39:37.503 DEBUG 7576 --- [    Test worker] org.hibernate.type.BasicTypeRegistry     : Adding type registration nclob -> org.hibernate.type.NClobType@6b86826a
2022-06-25 10:39:37.504 DEBUG 7576 --- [    Test worker] org.hibernate.type.BasicTypeRegistry     : Adding type registration java.sql.NClob -> org.hibernate.type.NClobType@6b86826a
2022-06-25 10:39:37.509 DEBUG 7576 --- [    Test worker] org.hibernate.type.BasicTypeRegistry     : Adding type registration materialized_clob -> org.hibernate.type.MaterializedClobType@32caae19
2022-06-25 10:39:37.510 DEBUG 7576 --- [    Test worker] org.hibernate.type.BasicTypeRegistry     : Adding type registration materialized_nclob -> org.hibernate.type.MaterializedNClobType@265287ec
2022-06-25 10:39:37.517 DEBUG 7576 --- [    Test worker] org.hibernate.type.BasicTypeRegistry     : Adding type registration serializable -> org.hibernate.type.SerializableType@2ebf524
2022-06-25 10:39:37.532 DEBUG 7576 --- [    Test worker] org.hibernate.type.BasicTypeRegistry     : Adding type registration object -> org.hibernate.type.ObjectType@74b7497b
2022-06-25 10:39:37.534 DEBUG 7576 --- [    Test worker] org.hibernate.type.BasicTypeRegistry     : Adding type registration java.lang.Object -> org.hibernate.type.ObjectType@74b7497b
2022-06-25 10:39:37.541 DEBUG 7576 --- [    Test worker] org.hibernate.type.BasicTypeRegistry     : Adding type registration imm_date -> org.hibernate.type.AdaptedImmutableType@1e482ecd
2022-06-25 10:39:37.546 DEBUG 7576 --- [    Test worker] org.hibernate.type.BasicTypeRegistry     : Adding type registration imm_time -> org.hibernate.type.AdaptedImmutableType@58b5f7d2
2022-06-25 10:39:37.551 DEBUG 7576 --- [    Test worker] org.hibernate.type.BasicTypeRegistry     : Adding type registration imm_timestamp -> org.hibernate.type.AdaptedImmutableType@bc52a41
2022-06-25 10:39:37.551 DEBUG 7576 --- [    Test worker] org.hibernate.type.BasicTypeRegistry     : Adding type registration imm_dbtimestamp -> org.hibernate.type.AdaptedImmutableType@9f48198
2022-06-25 10:39:37.551 DEBUG 7576 --- [    Test worker] org.hibernate.type.BasicTypeRegistry     : Adding type registration imm_calendar -> org.hibernate.type.AdaptedImmutableType@5615f82d
2022-06-25 10:39:37.551 DEBUG 7576 --- [    Test worker] org.hibernate.type.BasicTypeRegistry     : Adding type registration imm_calendar_date -> org.hibernate.type.AdaptedImmutableType@21698e5a
2022-06-25 10:39:37.552 DEBUG 7576 --- [    Test worker] org.hibernate.type.BasicTypeRegistry     : Adding type registration imm_binary -> org.hibernate.type.AdaptedImmutableType@3dc2f14
2022-06-25 10:39:37.552 DEBUG 7576 --- [    Test worker] org.hibernate.type.BasicTypeRegistry     : Adding type registration imm_serializable -> org.hibernate.type.AdaptedImmutableType@2e8986b6
2022-06-25 10:39:37.673  INFO 7576 --- [    Test worker] com.zaxxer.hikari.HikariDataSource       : HikariPool-1 - Starting...
2022-06-25 10:39:37.693  WARN 7576 --- [    Test worker] com.zaxxer.hikari.util.DriverDataSource  : Registered driver with driverClassName=com.mysql.jdbc.Driver was not found, trying direct instantiation.
2022-06-25 10:39:39.650  INFO 7576 --- [    Test worker] com.zaxxer.hikari.HikariDataSource       : HikariPool-1 - Start completed.
2022-06-25 10:39:39.677  INFO 7576 --- [    Test worker] org.hibernate.dialect.Dialect            : HHH000400: Using dialect: org.hibernate.dialect.MySQL5InnoDBDialect
2022-06-25 10:39:39.742 DEBUG 7576 --- [    Test worker] o.h.type.spi.TypeConfiguration$Scope     : Scoping TypeConfiguration [org.hibernate.type.spi.TypeConfiguration@79fc4e99] to MetadataBuildingContext [org.hibernate.boot.internal.MetadataBuildingContextRootImpl@6e7fa4b0]
2022-06-25 10:39:40.570 DEBUG 7576 --- [    Test worker] o.h.type.spi.TypeConfiguration$Scope     : Scoping TypeConfiguration [org.hibernate.type.spi.TypeConfiguration@79fc4e99] to SessionFactoryImpl [org.hibernate.internal.SessionFactoryImpl@34ea86ff]
2022-06-25 10:39:48.001  INFO 7576 --- [    Test worker] o.h.e.t.j.p.i.JtaPlatformInitiator       : HHH000490: Using JtaPlatform implementation: [org.hibernate.engine.transaction.jta.platform.internal.NoJtaPlatform]
2022-06-25 10:39:48.015 TRACE 7576 --- [    Test worker] o.h.type.spi.TypeConfiguration$Scope     : Handling #sessionFactoryCreated from [org.hibernate.internal.SessionFactoryImpl@34ea86ff] for TypeConfiguration
2022-06-25 10:39:48.018  INFO 7576 --- [    Test worker] j.LocalContainerEntityManagerFactoryBean : Initialized JPA EntityManagerFactory for persistence unit 'default'
2022-06-25 10:39:48.539  WARN 7576 --- [    Test worker] JpaBaseConfiguration$JpaWebConfiguration : spring.jpa.open-in-view is enabled by default. Therefore, database queries may be performed during view rendering. Explicitly configure spring.jpa.open-in-view to disable this warning
2022-06-25 10:39:55.152  INFO 7576 --- [    Test worker] o.s.s.web.DefaultSecurityFilterChain     : Will not secure any request
2022-06-25 10:39:58.129  INFO 7576 --- [    Test worker] c.a.b.junit.ProjectImplServiceTest       : Started ProjectImplServiceTest in 27.15 seconds (JVM running for 29.799)
]]></system-out>
  <system-err><![CDATA[Loading class `com.mysql.jdbc.Driver'. This is deprecated. The new driver class is `com.mysql.cj.jdbc.Driver'. The driver is automatically registered via the SPI and manual loading of the driver class is generally unnecessary.
]]></system-err>
</testsuite>
